<?xml version="1.0" encoding="UTF-8"?>
<!-- Generated by org.testng.reporters.JUnitReportReporter -->
<testsuite hostname="LAPTOP-SBMLAPFQ" failures="0" tests="1" name="com.testingshashtra.runner.FeatureRunner" time="15.217" errors="0" timestamp="2025-01-02T12:11:42 IST" skipped="0">
  <testcase classname="com.testingshashtra.runner.FeatureRunner" name="runScenario" time="15.217"/>
</testsuite> <!-- com.testingshashtra.runner.FeatureRunner -->
