<?xml version="1.0" encoding="UTF-8"?>
<!-- Generated by org.testng.reporters.JUnitReportReporter -->
<testsuite hostname="DESKTOP-EJEH0E2" failures="0" tests="1" name="com.testingshashtra.runner.FeatureRunner" time="42.447" errors="0" timestamp="2024-12-24T18:55:31 IST" skipped="0">
  <testcase classname="com.testingshashtra.runner.FeatureRunner" name="runScenario" time="42.447"/>
</testsuite> <!-- com.testingshashtra.runner.FeatureRunner -->
