<?xml version="1.0" encoding="UTF-8"?>
<!-- Generated by org.testng.reporters.JUnitReportReporter -->
<testsuite hostname="DESKTOP-EJEH0E2" failures="0" tests="3" name="com.testingshashtra.runner.FeatureRunner" time="62.566" errors="0" timestamp="2024-12-25T16:15:51 IST" skipped="0">
  <testcase classname="com.testingshashtra.runner.FeatureRunner" name="runScenario" time="20.316"/>
  <testcase classname="com.testingshashtra.runner.FeatureRunner" name="runScenario" time="17.337"/>
  <testcase classname="com.testingshashtra.runner.FeatureRunner" name="runScenario" time="24.913"/>
</testsuite> <!-- com.testingshashtra.runner.FeatureRunner -->
