<?xml version="1.0" encoding="UTF-8"?>
<!-- Generated by org.testng.reporters.JUnitReportReporter -->
<testsuite hostname="DESKTOP-E77DV7E" failures="0" tests="1" name="com.testingshashtra.runner.FeatureRunner" time="21.972" errors="0" timestamp="2024-12-31T19:36:39 IST" skipped="0">
  <testcase classname="com.testingshashtra.runner.FeatureRunner" name="runScenario" time="21.972"/>
</testsuite> <!-- com.testingshashtra.runner.FeatureRunner -->
