<?xml version="1.0" encoding="UTF-8"?>
<!-- Generated by org.testng.reporters.JUnitReportReporter -->
<testsuite hostname="DESKTOP-EJEH0E2" failures="0" tests="1" name="Log" time="10.514" errors="0" timestamp="2024-12-12T12:31:23 IST" skipped="0">
  <testcase classname="Log" name="openBrowserAndLaunchUrl" time="10.514"/>
</testsuite> <!-- Log -->
