<?xml version="1.0" encoding="UTF-8"?>
<!-- Generated by org.testng.reporters.JUnitReportReporter -->
<testsuite hostname="DESKTOP-E77DV7E" failures="0" tests="1" name="com.testingshashtra.runner.FeatureRunner" time="18.599" errors="0" timestamp="2025-01-03T14:45:13 IST" skipped="0">
  <testcase classname="com.testingshashtra.runner.FeatureRunner" name="runScenario" time="18.599"/>
</testsuite> <!-- com.testingshashtra.runner.FeatureRunner -->
