<?xml version="1.0" encoding="UTF-8"?>
<!-- Generated by org.testng.reporters.JUnitReportReporter -->
<testsuite hostname="DESKTOP-EJEH0E2" failures="0" tests="1" name="com.testingshashtra.runner.FeatureRunner" time="19.493" errors="0" timestamp="2024-12-24T14:46:12 IST" skipped="0">
  <testcase classname="com.testingshashtra.runner.FeatureRunner" name="runScenario" time="19.493"/>
</testsuite> <!-- com.testingshashtra.runner.FeatureRunner -->
