<?xml version="1.0" encoding="UTF-8"?>
<!-- Generated by org.testng.reporters.JUnitReportReporter -->
<testsuite hostname="LAPTOP-SBMLAPFQ" failures="1" tests="1" name="com.testingshashtra.runner.FeatureRunner" time="12.463" errors="0" timestamp="2024-12-27T21:27:30 IST" skipped="0">
  <testcase classname="com.testingshashtra.runner.FeatureRunner" name="runScenario" time="12.463">
    <failure message="It does not display error message as&#039;Please enter valid username&#039; expected [Please enter valid Username] but found [Required]" type="java.lang.AssertionError">
      <![CDATA[java.lang.AssertionError: It does not display error message as'Please enter valid username' expected [Please enter valid Username] but found [Required]
at org.testng.Assert.fail(Assert.java:111)
at org.testng.Assert.failNotEquals(Assert.java:1578)
at org.testng.Assert.assertEqualsImpl(Assert.java:150)
at org.testng.Assert.assertEquals(Assert.java:132)
at org.testng.Assert.assertEquals(Assert.java:656)
at com.testingshashtra.stepdefinition.ForgotPasswordSteps.verifyInvalidUsernameErrorMessageForSpace(ForgotPasswordSteps.java:259)
at âœ½.It should show error message as 'Please enter valid username' for Space Only(file:///E:/TestingShastra/Workspace/OrangeHRM/src/test/resources/Features/forgot_Password.feature:69)
]]>
    </failure>
  </testcase> <!-- runScenario -->
</testsuite> <!-- com.testingshashtra.runner.FeatureRunner -->
