<?xml version="1.0" encoding="UTF-8"?>
<!-- Generated by org.testng.reporters.JUnitReportReporter -->
<testsuite hostname="DESKTOP-EJEH0E2" failures="0" tests="1" name="com.testingshashtra.runner.FeatureRunner" time="12.912" errors="0" timestamp="2024-12-23T21:44:29 IST" skipped="0">
  <testcase classname="com.testingshashtra.runner.FeatureRunner" name="runScenario" time="12.912"/>
</testsuite> <!-- com.testingshashtra.runner.FeatureRunner -->
