<?xml version="1.0" encoding="UTF-8"?>
<!-- Generated by org.testng.reporters.JUnitReportReporter -->
<testsuite hostname="DESKTOP-EJEH0E2" failures="0" tests="1" name="com.testingshashtra.runner.FeatureRunner" time="22.920" errors="0" timestamp="2025-01-03T19:32:36 IST" skipped="0">
  <testcase classname="com.testingshashtra.runner.FeatureRunner" name="runScenario" time="22.920"/>
</testsuite> <!-- com.testingshashtra.runner.FeatureRunner -->
