<?xml version="1.0" encoding="UTF-8"?>
<!-- Generated by org.testng.reporters.JUnitReportReporter -->
<<<<<<< HEAD
<testsuite hostname="DESKTOP-EJEH0E2" failures="0" tests="1" name="com.testingshashtra.runner.FeatureRunner" time="21.482" errors="1" timestamp="2024-12-22T11:03:14 IST" skipped="0">
  <testcase classname="com.testingshashtra.runner.FeatureRunner" name="runScenario" time="21.482">
    <error message="Failed to decode response from marionette
Build info: version: &#039;4.25.0&#039;, revision: &#039;8a8aea2337&#039;
System info: os.name: &#039;Windows 10&#039;, os.arch: &#039;amd64&#039;, os.version: &#039;10.0&#039;, java.version: &#039;22.0.1&#039;
Driver info: org.openqa.selenium.firefox.FirefoxDriver
Command: [e6cb75ab-d715-4c76-9eb3-d8cc5a464e95, findElement {using=css selector, value=p.oxd-alert-content-text}]
Capabilities {acceptInsecureCerts: true, browserName: firefox, browserVersion: 133.0.3, moz:accessibilityChecks: false, moz:buildID: 20241209150345, moz:debuggerAddress: 127.0.0.1:8490, moz:geckodriverVersion: 0.35.0, moz:headless: false, moz:platformVersion: 10.0, moz:processID: 9704, moz:profile: C:\Users\hp\AppData\Local\T..., moz:shutdownTimeout: 60000, moz:webdriverClick: true, moz:windowless: false, pageLoadStrategy: normal, platformName: windows, proxy: Proxy(), se:cdp: ws://127.0.0.1:8490/devtool..., se:cdpVersion: 85.0, setWindowRect: true, strictFileInteractability: false, timeouts: {implicit: 0, pageLoad: 300000, script: 30000}, unhandledPromptBehavior: dismiss and notify, userAgent: Mozilla/5.0 (Windows NT 10....}
Session ID: e6cb75ab-d715-4c76-9eb3-d8cc5a464e95" type="org.openqa.selenium.WebDriverException">
      <![CDATA[org.openqa.selenium.WebDriverException: Failed to decode response from marionette
Build info: version: '4.25.0', revision: '8a8aea2337'
System info: os.name: 'Windows 10', os.arch: 'amd64', os.version: '10.0', java.version: '22.0.1'
Driver info: org.openqa.selenium.firefox.FirefoxDriver
Command: [e6cb75ab-d715-4c76-9eb3-d8cc5a464e95, findElement {using=css selector, value=p.oxd-alert-content-text}]
Capabilities {acceptInsecureCerts: true, browserName: firefox, browserVersion: 133.0.3, moz:accessibilityChecks: false, moz:buildID: 20241209150345, moz:debuggerAddress: 127.0.0.1:8490, moz:geckodriverVersion: 0.35.0, moz:headless: false, moz:platformVersion: 10.0, moz:processID: 9704, moz:profile: C:\Users\hp\AppData\Local\T..., moz:shutdownTimeout: 60000, moz:webdriverClick: true, moz:windowless: false, pageLoadStrategy: normal, platformName: windows, proxy: Proxy(), se:cdp: ws://127.0.0.1:8490/devtool..., se:cdpVersion: 85.0, setWindowRect: true, strictFileInteractability: false, timeouts: {implicit: 0, pageLoad: 300000, script: 30000}, unhandledPromptBehavior: dismiss and notify, userAgent: Mozilla/5.0 (Windows NT 10....}
Session ID: e6cb75ab-d715-4c76-9eb3-d8cc5a464e95
at java.base/jdk.internal.reflect.DirectConstructorHandleAccessor.newInstance(DirectConstructorHandleAccessor.java:62)
at java.base/java.lang.reflect.Constructor.newInstanceWithCaller(Constructor.java:502)
at java.base/java.lang.reflect.Constructor.newInstance(Constructor.java:486)
at org.openqa.selenium.remote.ErrorCodec.decode(ErrorCodec.java:167)
at org.openqa.selenium.remote.codec.w3c.W3CHttpResponseCodec.decode(W3CHttpResponseCodec.java:138)
at org.openqa.selenium.remote.codec.w3c.W3CHttpResponseCodec.decode(W3CHttpResponseCodec.java:50)
at org.openqa.selenium.remote.HttpCommandExecutor.execute(HttpCommandExecutor.java:190)
at org.openqa.selenium.remote.service.DriverCommandExecutor.invokeExecute(DriverCommandExecutor.java:216)
at org.openqa.selenium.remote.service.DriverCommandExecutor.execute(DriverCommandExecutor.java:174)
at org.openqa.selenium.remote.RemoteWebDriver.execute(RemoteWebDriver.java:545)
at org.openqa.selenium.remote.ElementLocation$ElementFinder$2.findElement(ElementLocation.java:165)
at org.openqa.selenium.remote.ElementLocation.findElement(ElementLocation.java:59)
at org.openqa.selenium.remote.RemoteWebDriver.findElement(RemoteWebDriver.java:368)
at org.openqa.selenium.remote.RemoteWebDriver.findElement(RemoteWebDriver.java:362)
at org.openqa.selenium.support.pagefactory.DefaultElementLocator.findElement(DefaultElementLocator.java:68)
at org.openqa.selenium.support.pagefactory.internal.LocatingElementHandler.invoke(LocatingElementHandler.java:38)
at jdk.proxy2/jdk.proxy2.$Proxy24.isDisplayed(Unknown Source)
at org.openqa.selenium.support.ui.ExpectedConditions.elementIfVisible(ExpectedConditions.java:304)
at org.openqa.selenium.support.ui.ExpectedConditions$10.apply(ExpectedConditions.java:290)
at org.openqa.selenium.support.ui.ExpectedConditions$10.apply(ExpectedConditions.java:287)
at org.openqa.selenium.support.ui.FluentWait.until(FluentWait.java:203)
at com.testingshashtra.wait.WaitFor.visibilityOfElement(WaitFor.java:23)
at com.testingshashtra.pages.LoginPage.getErrorMessage(LoginPage.java:89)
at com.testingshashtra.stepdefinition.UserLoginSteps.showErrorMessage(UserLoginSteps.java:52)
at âœ½.Application should show error message 'Invalid credentials'(file:///E:/Workspace/Orangehrm/src/test/resources/Features/orangehrm-login.feature:26)
]]>
    </error>
  </testcase> <!-- runScenario -->
=======
<testsuite hostname="DESKTOP-EJEH0E2" failures="0" tests="1" name="com.testingshashtra.runner.FeatureRunner" time="19.493" errors="0" timestamp="2024-12-24T14:46:12 IST" skipped="0">
  <testcase classname="com.testingshashtra.runner.FeatureRunner" name="runScenario" time="19.493"/>
>>>>>>> fc334db29b4f9886bf84d829ce23978327ec3412
</testsuite> <!-- com.testingshashtra.runner.FeatureRunner -->
