<?xml version="1.0" encoding="UTF-8"?>
<!-- Generated by org.testng.reporters.JUnitReportReporter -->
<testsuite hostname="DESKTOP-E77DV7E" failures="0" tests="2" name="com.testingshashtra.runner.FeatureRunner" time="33.729" errors="0" timestamp="2025-01-02T15:03:11 IST" skipped="0">
  <testcase classname="com.testingshashtra.runner.FeatureRunner" name="runScenario" time="14.031"/>
  <testcase classname="com.testingshashtra.runner.FeatureRunner" name="runScenario" time="19.698"/>
</testsuite> <!-- com.testingshashtra.runner.FeatureRunner -->
